   Compiling serde_core v1.0.228
   Compiling serde v1.0.228
   Compiling tracing-attributes v0.1.31
   Compiling num-traits v0.2.19
   Compiling ring v0.17.14
   Compiling smallvec v1.15.1
   Compiling futures-channel v0.3.31
   Compiling ahash v0.8.12
   Compiling spin v0.9.8
   Compiling crossbeam-utils v0.8.21
   Compiling getrandom v0.2.16
   Compiling futures-sink v0.3.31
   Compiling allocator-api2 v0.2.21
   Compiling tracing v0.1.44
   Compiling paste v1.0.15
   Compiling minimal-lexical v0.2.1
   Compiling nom v7.1.3
   Compiling hashbrown v0.14.5
   Compiling icu_normalizer v2.1.1
   Compiling pkg-config v0.3.32
   Compiling unicode_categories v0.1.1
   Compiling vcpkg v0.2.15
   Compiling indexmap v2.12.1
   Compiling serde_json v1.0.147
   Compiling crc-catalog v2.4.0
   Compiling crc v3.4.0
   Compiling libsqlite3-sys v0.27.0
   Compiling rustls v0.21.12
   Compiling sqlformat v0.2.6
   Compiling bytes v1.11.0
   Compiling url v2.5.7
   Compiling either v1.15.0
   Compiling idna_adapter v1.2.1
   Compiling hashlink v0.8.4
   Compiling crossbeam-queue v0.3.12
   Compiling tokio v1.38.0
   Compiling http v1.4.0
   Compiling parking_lot_core v0.9.12
   Compiling event-listener v2.5.3
   Compiling hex v0.4.3
   Compiling parking_lot v0.12.5
   Compiling http v0.2.12
   Compiling rustls-webpki v0.101.7
   Compiling http-body v1.0.1
   Compiling sct v0.7.1
   Compiling idna v1.1.0
   Compiling futures-util v0.3.31
   Compiling form_urlencoded v1.2.2
   Compiling atoi v2.0.0
   Compiling futures-intrusive v0.5.0
   Compiling sha2 v0.10.9
   Compiling byteorder v1.5.0
   Compiling urlencoding v2.1.3
   Compiling syn v1.0.109
   Compiling toml_edit v0.23.10+spec-1.0.0
   Compiling serde_urlencoded v0.7.1
   Compiling http-body v0.4.6
   Compiling http-body-util v0.1.3
   Compiling async-graphql-value v7.0.6
   Compiling flume v0.11.1
   Compiling futures-executor v0.3.31
   Compiling time-core v0.1.6
   Compiling num-conv v0.1.0
   Compiling powerfmt v0.2.0
   Compiling thiserror v2.0.17
   Compiling unicode-segmentation v1.12.0
   Compiling tokio-stream v0.1.17
   Compiling deranged v0.5.5
   Compiling tokio-util v0.7.17
   Compiling heck v0.4.1
   Compiling sqlx-core v0.7.4
   Compiling hyper v1.8.1
   Compiling time-macros v0.2.24
   Compiling tungstenite v0.21.0
   Compiling h2 v0.3.27
   Compiling async-graphql-parser v7.0.6
   Compiling proc-macro-crate v3.4.0
   Compiling num-integer v0.1.46
   Compiling thiserror-impl v2.0.17
   Compiling dotenvy v0.15.7
   Compiling axum-core v0.4.5
   Compiling sqlx-sqlite v0.7.4
   Compiling num-bigint v0.4.6
   Compiling chrono v0.4.42
   Compiling async-graphql-derive v7.0.6
   Compiling time v0.3.44
   Compiling tokio-native-tls v0.3.1
   Compiling handlebars v5.1.2
   Compiling hyper v0.14.32
   Compiling sqlx-macros-core v0.7.4
   Compiling tower v0.4.13
   Compiling multer v3.1.0
   Compiling tokio-tungstenite v0.21.0
   Compiling hyper-util v0.1.19
   Compiling tokio-rustls v0.24.1
   Compiling serde_path_to_error v0.1.20
   Compiling simple_asn1 v0.6.3
   Compiling axum v0.7.5
   Compiling pem v3.0.6
   Compiling sqlx-macros v0.7.4
   Compiling jsonwebtoken v9.3.1
   Compiling tower-http v0.5.2
   Compiling uuid v1.19.0
   Compiling hyper-tls v0.5.0
   Compiling hyper-rustls v0.24.2
   Compiling reqwest v0.11.27
   Compiling sqlx v0.7.4
   Compiling async-graphql v7.0.6
   Compiling async-graphql-axum v7.0.6
   Compiling sgt-identity v0.1.0 (/Users/tonsy/Documents/sgt-seek/apps/identity)
    Finished `dev` profile [unoptimized + debuginfo] target(s) in 2m 03s
     Running `target/debug/sgt-identity`
📘 SGT Identity Service ONLINE at http://127.0.0.1:8082/graphql
